<?xml version="1.0" encoding="UTF-8"?>
<testng-results skipped="0" failed="0" ignored="0" total="2" passed="2">
  <reporter-output>
  </reporter-output>
  <suite name="Suite" duration-ms="40578" started-at="2022-07-08T07:49:44 IST" finished-at="2022-07-08T07:50:24 IST">
    <groups>
    </groups>
    <test name="Test" duration-ms="40578" started-at="2022-07-08T07:49:44 IST" finished-at="2022-07-08T07:50:24 IST">
      <class name="basics.DaughterClass">
        <test-method status="PASS" signature="start()[pri:0, instance:basics.DaughterClass@365185bd]" name="start" is-config="true" duration-ms="3170" started-at="2022-07-08T07:49:54 IST" finished-at="2022-07-08T07:49:57 IST">
          <reporter-output>
          </reporter-output>
        </test-method> <!-- start -->
        <test-method status="PASS" signature="startMercuryNewDemo()[pri:0, instance:basics.DaughterClass@365185bd]" name="startMercuryNewDemo" duration-ms="27125" started-at="2022-07-08T07:49:57 IST" finished-at="2022-07-08T07:50:24 IST">
          <reporter-output>
          </reporter-output>
        </test-method> <!-- startMercuryNewDemo -->
        <test-method status="PASS" signature="end()[pri:0, instance:basics.DaughterClass@365185bd]" name="end" is-config="true" duration-ms="266" started-at="2022-07-08T07:50:24 IST" finished-at="2022-07-08T07:50:24 IST">
          <reporter-output>
          </reporter-output>
        </test-method> <!-- end -->
      </class> <!-- basics.DaughterClass -->
      <class name="basics.SonClass">
        <test-method status="PASS" signature="start()[pri:0, instance:basics.SonClass@491cc5c9]" name="start" is-config="true" duration-ms="6151" started-at="2022-07-08T07:49:44 IST" finished-at="2022-07-08T07:49:50 IST">
          <reporter-output>
          </reporter-output>
        </test-method> <!-- start -->
        <test-method status="PASS" signature="startOrangeHRM()[pri:0, instance:basics.SonClass@491cc5c9]" name="startOrangeHRM" duration-ms="3471" started-at="2022-07-08T07:49:50 IST" finished-at="2022-07-08T07:49:53 IST">
          <reporter-output>
          </reporter-output>
        </test-method> <!-- startOrangeHRM -->
        <test-method status="PASS" signature="end()[pri:0, instance:basics.SonClass@491cc5c9]" name="end" is-config="true" duration-ms="228" started-at="2022-07-08T07:49:53 IST" finished-at="2022-07-08T07:49:54 IST">
          <reporter-output>
          </reporter-output>
        </test-method> <!-- end -->
      </class> <!-- basics.SonClass -->
    </test> <!-- Test -->
  </suite> <!-- Suite -->
</testng-results>
